{"level":"error","message":"Error creating user: TypeError: Cannot convert undefined or null to object","service":"acquisitions-api"}
{"level":"error","message":"Signup error Error creating user","service":"acquisitions-api","stack":"Error: Error creating user\n    at createUser (file:///C:/Users/Trevor/Desktop/tutorial/devops/acquistions/src/services/auth.service.js:49:11)\n    at async signup (file:///C:/Users/Trevor/Desktop/tutorial/devops/acquistions/src/controllers/auth.controller.js:21:18)"}
{"level":"error","message":"Error creating user: TypeError: Cannot convert undefined or null to object","service":"acquisitions-api"}
{"level":"error","message":"Signup error Error creating user","service":"acquisitions-api","stack":"Error: Error creating user\n    at createUser (file:///C:/Users/Trevor/Desktop/tutorial/devops/acquistions/src/services/auth.service.js:49:11)\n    at async signup (file:///C:/Users/Trevor/Desktop/tutorial/devops/acquistions/src/controllers/auth.controller.js:21:18)"}
{"level":"error","message":"Error creating user: TypeError: Cannot convert undefined or null to object","service":"acquisitions-api"}
{"level":"error","message":"Signup error Error creating user","service":"acquisitions-api","stack":"Error: Error creating user\n    at createUser (file:///C:/Users/Trevor/Desktop/tutorial/devops/acquistions/src/services/auth.service.js:50:11)\n    at async signup (file:///C:/Users/Trevor/Desktop/tutorial/devops/acquistions/src/controllers/auth.controller.js:21:18)"}
{"level":"error","message":"Error creating user: TypeError: Cannot convert undefined or null to object","service":"acquisitions-api"}
{"level":"error","message":"Signup error Error creating user","service":"acquisitions-api","stack":"Error: Error creating user\n    at createUser (file:///C:/Users/Trevor/Desktop/tutorial/devops/acquistions/src/services/auth.service.js:51:11)\n    at async signup (file:///C:/Users/Trevor/Desktop/tutorial/devops/acquistions/src/controllers/auth.controller.js:21:18)"}
{"level":"error","message":"Error creating user: TypeError: Cannot convert undefined or null to object","service":"acquisitions-api"}
{"level":"error","message":"Signup error Error creating user","service":"acquisitions-api","stack":"Error: Error creating user\n    at createUser (file:///C:/Users/Trevor/Desktop/tutorial/devops/acquistions/src/services/auth.service.js:51:11)\n    at async signup (file:///C:/Users/Trevor/Desktop/tutorial/devops/acquistions/src/controllers/auth.controller.js:21:18)"}
{"level":"error","message":"Error creating user: TypeError: Cannot convert undefined or null to object","service":"acquisitions-api"}
{"level":"error","message":"Signup error Error creating user","service":"acquisitions-api","stack":"Error: Error creating user\n    at createUser (file:///C:/Users/Trevor/Desktop/tutorial/devops/acquistions/src/services/auth.service.js:57:11)\n    at async signup (file:///C:/Users/Trevor/Desktop/tutorial/devops/acquistions/src/controllers/auth.controller.js:21:18)"}
{"level":"error","message":"Error creating user: TypeError: Cannot convert undefined or null to object","service":"acquisitions-api"}
{"level":"error","message":"Signup error Error creating user","service":"acquisitions-api","stack":"Error: Error creating user\n    at createUser (file:///C:/Users/Trevor/Desktop/tutorial/devops/acquistions/src/services/auth.service.js:57:11)\n    at async signup (file:///C:/Users/Trevor/Desktop/tutorial/devops/acquistions/src/controllers/auth.controller.js:21:18)"}
{"level":"error","message":"Error creating user: TypeError: Cannot convert undefined or null to object","service":"acquisitions-api"}
{"level":"error","message":"Signup error Error creating user","service":"acquisitions-api","stack":"Error: Error creating user\n    at createUser (file:///C:/Users/Trevor/Desktop/tutorial/devops/acquistions/src/services/auth.service.js:68:11)\n    at async signup (file:///C:/Users/Trevor/Desktop/tutorial/devops/acquistions/src/controllers/auth.controller.js:21:18)"}
{"level":"error","message":"Error creating user: TypeError: Cannot convert undefined or null to object","service":"acquisitions-api"}
{"level":"error","message":"Signup error Error creating user","service":"acquisitions-api","stack":"Error: Error creating user\n    at createUser (file:///C:/Users/Trevor/Desktop/tutorial/devops/acquistions/src/services/auth.service.js:68:11)\n    at async signup (file:///C:/Users/Trevor/Desktop/tutorial/devops/acquistions/src/controllers/auth.controller.js:21:18)"}
{"level":"error","message":"Error creating user: Error: User already exists","service":"acquisitions-api"}
{"level":"error","message":"Signup error Error creating user","service":"acquisitions-api","stack":"Error: Error creating user\n    at createUser (file:///C:/Users/Trevor/Desktop/tutorial/devops/acquistions/src/services/auth.service.js:51:11)\n    at process.processTicksAndRejections (node:internal/process/task_queues:105:5)\n    at async signup (file:///C:/Users/Trevor/Desktop/tutorial/devops/acquistions/src/controllers/auth.controller.js:21:18)"}
{"level":"error","message":"Error creating user: Error: User with this email already exists","service":"acquisitions-api"}
{"level":"error","message":"Signup error Error creating user","service":"acquisitions-api","stack":"Error: Error creating user\n    at createUser (file:///C:/Users/Trevor/Desktop/tutorial/devops/acquistions/src/services/auth.service.js:61:11)\n    at process.processTicksAndRejections (node:internal/process/task_queues:105:5)\n    at async signup (file:///C:/Users/Trevor/Desktop/tutorial/devops/acquistions/src/controllers/auth.controller.js:21:18)"}
{"level":"error","message":"Error creating user: Error: User with this email already exists","service":"acquisitions-api"}
{"level":"error","message":"Signup error Error creating user","service":"acquisitions-api","stack":"Error: Error creating user\n    at createUser (file:///C:/Users/Trevor/Desktop/tutorial/devops/acquistions/src/services/auth.service.js:61:11)\n    at process.processTicksAndRejections (node:internal/process/task_queues:105:5)\n    at async signup (file:///C:/Users/Trevor/Desktop/tutorial/devops/acquistions/src/controllers/auth.controller.js:21:18)"}
